<?xml version="1.0" encoding="UTF-8"?>
<testsuites name="CreatesAUser" time="133" tests="1" failures="0" errors="0">
   <testsuite name="CreatesAUser" tests="1" failures="0" errors="0" time="133" timestamp="2019-01-28 12:13:19" hostname="mitali.p.shah - CPX-SJJHSRSSIFU.dir.svc.accenture.com" id="Test Suites/CreatesAUser">
      <properties>
         <property name="deviceName" value=""/>
         <property name="devicePlatform" value=""/>
         <property name="logFolder" value="C:\\Users\\mitali.p.shah\\git\\Katalon-project\\Reports\\CreatesAUser\\20190128_121313"/>
         <property name="logFiles" value="C:\\Users\\mitali.p.shah\\git\\Katalon-project\\Reports\\CreatesAUser\\20190128_121313\\execution0.log"/>
         <property name="attachments" value=""/>
         <property name="hostName" value="mitali.p.shah - CPX-SJJHSRSSIFU.dir.svc.accenture.com"/>
         <property name="os" value="Windows 10 64bit"/>
         <property name="katalonVersion" value="5.10.1.1"/>
         <property name="browser" value="Chrome 71.0.3578.98"/>
         <property name="hostAddress" value="10.0.75.1"/>
         <property name="sessionId" value="a8375accd8e0b490c098252b7fc5b00d"/>
         <property name="seleniumVersion" value="3.7.1"/>
         <property name="proxyInformation" value="ProxyInformation{proxyOption=NO_PROXY, proxyServerType=HTTP, password=, proxyServerAddress=, proxyServerPort=0}"/>
         <property name="platform" value="Windows 10"/>
      </properties>
      <testcase name="Test Cases/CreateUser" classname="Test Cases/CreateUser" status="PASSED">
         <system-out><![CDATA[2019-01-28 12:13:19 - [TEST_CASE][PASSED] - Test Cases/CreateUser: Test Cases/CreateUser

2019-01-28 12:13:20 - [TEST_STEP][PASSED] - for ([row = 1, row <= findTestData("TestData").getRowNumbers(), (row++)]): Browser is closed

2019-01-28 12:13:22 - [TEST_STEP][PASSED] - openBrowser(""): Browser is opened with url: ''

2019-01-28 12:13:23 - [MESSAGE][INFO] - Starting 'Chrome' driver

2019-01-28 12:13:23 - [MESSAGE][INFO] - Action delay is set to 0 seconds

2019-01-28 12:13:54 - [MESSAGE][PASSED] - Browser is opened with url: ''

2019-01-28 12:13:54 - [TEST_STEP][PASSED] - navigateToUrl("https://iddtrain.georgiacollaborative.com/IDDPortal/"): Navigate to 'https://iddtrain.georgiacollaborative.com/IDDPortal/' successfully

2019-01-28 12:13:59 - [MESSAGE][PASSED] - Navigate to 'https://iddtrain.georgiacollaborative.com/IDDPortal/' successfully

2019-01-28 12:13:59 - [TEST_STEP][PASSED] - maximizeWindow(): Current window maximized

2019-01-28 12:14:02 - [MESSAGE][PASSED] - Current window maximized

2019-01-28 12:14:02 - [TEST_STEP][PASSED] - click(findTestObject("Object Repository/GeorgiaPowerPOC/Page_Online Application for Intelle/a_New User Please Sign Up Here")): Object: 'Object Repository/GeorgiaPowerPOC/Page_Online Application for Intelle/a_New User Please Sign Up Here' is clicked on

2019-01-28 12:14:03 - [MESSAGE][PASSED] - Object: 'Object Repository/GeorgiaPowerPOC/Page_Online Application for Intelle/a_New User Please Sign Up Here' is clicked on

2019-01-28 12:14:03 - [TEST_STEP][PASSED] - setText(findTestObject("GeorgiaPowerPOC/Page_Online Application for Intelle/input__firstname"), findTestData("TestData").getValue("FirstName", row)): Text 'Tester' is set on object 'Object Repository/GeorgiaPowerPOC/Page_Online Application for Intelle/input__firstname'

2019-01-28 12:14:03 - [MESSAGE][PASSED] - Text 'Tester' is set on object 'Object Repository/GeorgiaPowerPOC/Page_Online Application for Intelle/input__firstname'

2019-01-28 12:14:03 - [TEST_STEP][PASSED] - setText(findTestObject("GeorgiaPowerPOC/Page_Online Application for Intelle/input__lastname"), findTestData("TestData").getValue("LastName", row)): Text 'Testsone' is set on object 'Object Repository/GeorgiaPowerPOC/Page_Online Application for Intelle/input__lastname'

2019-01-28 12:14:04 - [MESSAGE][PASSED] - Text 'Testsone' is set on object 'Object Repository/GeorgiaPowerPOC/Page_Online Application for Intelle/input__lastname'

2019-01-28 12:14:04 - [TEST_STEP][PASSED] - setText(findTestObject("Object Repository/GeorgiaPowerPOC/Page_Online Application for Intelle/input__username"), findTestData("TestData").getValue("CreateUsername", row)): Text 'TesterTests11' is set on object 'Object Repository/GeorgiaPowerPOC/Page_Online Application for Intelle/input__username'

2019-01-28 12:14:04 - [MESSAGE][PASSED] - Text 'TesterTests11' is set on object 'Object Repository/GeorgiaPowerPOC/Page_Online Application for Intelle/input__username'

2019-01-28 12:14:04 - [TEST_STEP][PASSED] - setMaskedText(findTestObject("Object Repository/GeorgiaPowerPOC/Page_Online Application for Intelle/input__password"), findTestData("TestData").getValue("CreatePassword", row)): Text '***********' is set on object 'Object Repository/GeorgiaPowerPOC/Page_Online Application for Intelle/input__password'

2019-01-28 12:14:04 - [MESSAGE][PASSED] - Text '***********' is set on object 'Object Repository/GeorgiaPowerPOC/Page_Online Application for Intelle/input__password'

2019-01-28 12:14:04 - [TEST_STEP][PASSED] - setMaskedText(findTestObject("Object Repository/GeorgiaPowerPOC/Page_Online Application for Intelle/input__rpassword"), findTestData("TestData").getValue("ConfirmPassword", row)): Text '***********' is set on object 'Object Repository/GeorgiaPowerPOC/Page_Online Application for Intelle/input__rpassword'

2019-01-28 12:14:05 - [MESSAGE][PASSED] - Text '***********' is set on object 'Object Repository/GeorgiaPowerPOC/Page_Online Application for Intelle/input__rpassword'

2019-01-28 12:14:05 - [TEST_STEP][PASSED] - setText(findTestObject("Object Repository/GeorgiaPowerPOC/Page_Online Application for Intelle/input__email"), findTestData("TestData").getValue("Email", row)): Text 'test11@tests.com' is set on object 'Object Repository/GeorgiaPowerPOC/Page_Online Application for Intelle/input__email'

2019-01-28 12:14:05 - [MESSAGE][PASSED] - Text 'test11@tests.com' is set on object 'Object Repository/GeorgiaPowerPOC/Page_Online Application for Intelle/input__email'

2019-01-28 12:14:05 - [TEST_STEP][PASSED] - selectOptionByValue(findTestObject("Object Repository/GeorgiaPowerPOC/Page_Online Application for Intelle/select_-- Select --"), "14: 7", true): All options with value '14: 7' are selected in object 'Object Repository/GeorgiaPowerPOC/Page_Online Application for Intelle/select_-- Select --'  using regular expression

2019-01-28 12:14:06 - [MESSAGE][PASSED] - All options with value '14: 7' are selected in object 'Object Repository/GeorgiaPowerPOC/Page_Online Application for Intelle/select_-- Select --'  using regular expression

2019-01-28 12:14:06 - [TEST_STEP][PASSED] - setText(findTestObject("Object Repository/GeorgiaPowerPOC/Page_Online Application for Intelle/input__answer1"), findTestData("TestData").getValue("Answer1", row)): Text 'Tampa' is set on object 'Object Repository/GeorgiaPowerPOC/Page_Online Application for Intelle/input__answer1'

2019-01-28 12:14:06 - [MESSAGE][PASSED] - Text 'Tampa' is set on object 'Object Repository/GeorgiaPowerPOC/Page_Online Application for Intelle/input__answer1'

2019-01-28 12:14:06 - [TEST_STEP][PASSED] - selectOptionByValue(findTestObject("Object Repository/GeorgiaPowerPOC/Page_Online Application for Intelle/select_-- Select --           _1"), "12: 3", true): All options with value '12: 3' are selected in object 'Object Repository/GeorgiaPowerPOC/Page_Online Application for Intelle/select_-- Select --           _1'  using regular expression

2019-01-28 12:14:06 - [MESSAGE][PASSED] - All options with value '12: 3' are selected in object 'Object Repository/GeorgiaPowerPOC/Page_Online Application for Intelle/select_-- Select --           _1'  using regular expression

2019-01-28 12:14:06 - [TEST_STEP][PASSED] - setText(findTestObject("Object Repository/GeorgiaPowerPOC/Page_Online Application for Intelle/input__answer2"), findTestData("TestData").getValue("Answer2", row)): Text 'Designated Survivor' is set on object 'Object Repository/GeorgiaPowerPOC/Page_Online Application for Intelle/input__answer2'

2019-01-28 12:14:07 - [MESSAGE][PASSED] - Text 'Designated Survivor' is set on object 'Object Repository/GeorgiaPowerPOC/Page_Online Application for Intelle/input__answer2'

2019-01-28 12:14:07 - [TEST_STEP][PASSED] - selectOptionByValue(findTestObject("Object Repository/GeorgiaPowerPOC/Page_Online Application for Intelle/select_-- Select --           _2"), "13: 4", true): All options with value '13: 4' are selected in object 'Object Repository/GeorgiaPowerPOC/Page_Online Application for Intelle/select_-- Select --           _2'  using regular expression

2019-01-28 12:14:08 - [MESSAGE][PASSED] - All options with value '13: 4' are selected in object 'Object Repository/GeorgiaPowerPOC/Page_Online Application for Intelle/select_-- Select --           _2'  using regular expression

2019-01-28 12:14:08 - [TEST_STEP][PASSED] - setText(findTestObject("Object Repository/GeorgiaPowerPOC/Page_Online Application for Intelle/input__answer3"), findTestData("TestData").getValue("Answer3", row)): Text 'Blue' is set on object 'Object Repository/GeorgiaPowerPOC/Page_Online Application for Intelle/input__answer3'

2019-01-28 12:14:08 - [MESSAGE][PASSED] - Text 'Blue' is set on object 'Object Repository/GeorgiaPowerPOC/Page_Online Application for Intelle/input__answer3'

2019-01-28 12:14:08 - [TEST_STEP][PASSED] - click(findTestObject("GeorgiaPowerPOC/Page_Online Application for Intelle/input__preflang")): Object: 'Object Repository/GeorgiaPowerPOC/Page_Online Application for Intelle/input__preflang' is clicked on

2019-01-28 12:14:08 - [MESSAGE][PASSED] - Object: 'Object Repository/GeorgiaPowerPOC/Page_Online Application for Intelle/input__preflang' is clicked on

2019-01-28 12:14:08 - [TEST_STEP][PASSED] - click(findTestObject("Object Repository/GeorgiaPowerPOC/Page_Online Application for Intelle/button_Continue")): Object: 'Object Repository/GeorgiaPowerPOC/Page_Online Application for Intelle/button_Continue' is clicked on

2019-01-28 12:14:08 - [MESSAGE][PASSED] - Object: 'Object Repository/GeorgiaPowerPOC/Page_Online Application for Intelle/button_Continue' is clicked on

2019-01-28 12:14:08 - [TEST_STEP][PASSED] - closeBrowser(): Browser is closed

2019-01-28 12:14:09 - [MESSAGE][PASSED] - Browser is closed

2019-01-28 12:14:09 - [TEST_STEP][PASSED] - openBrowser(""): Browser is opened with url: ''

2019-01-28 12:14:09 - [MESSAGE][INFO] - Starting 'Chrome' driver

2019-01-28 12:14:36 - [MESSAGE][PASSED] - Browser is opened with url: ''

2019-01-28 12:14:36 - [TEST_STEP][PASSED] - navigateToUrl("https://iddtrain.georgiacollaborative.com/IDDPortal/"): Navigate to 'https://iddtrain.georgiacollaborative.com/IDDPortal/' successfully

2019-01-28 12:14:41 - [MESSAGE][PASSED] - Navigate to 'https://iddtrain.georgiacollaborative.com/IDDPortal/' successfully

2019-01-28 12:14:41 - [TEST_STEP][PASSED] - maximizeWindow(): Current window maximized

2019-01-28 12:14:43 - [MESSAGE][PASSED] - Current window maximized

2019-01-28 12:14:43 - [TEST_STEP][PASSED] - click(findTestObject("Object Repository/GeorgiaPowerPOC/Page_Online Application for Intelle/a_New User Please Sign Up Here")): Object: 'Object Repository/GeorgiaPowerPOC/Page_Online Application for Intelle/a_New User Please Sign Up Here' is clicked on

2019-01-28 12:14:43 - [MESSAGE][PASSED] - Object: 'Object Repository/GeorgiaPowerPOC/Page_Online Application for Intelle/a_New User Please Sign Up Here' is clicked on

2019-01-28 12:14:43 - [TEST_STEP][PASSED] - setText(findTestObject("GeorgiaPowerPOC/Page_Online Application for Intelle/input__firstname"), findTestData("TestData").getValue("FirstName", row)): Text 'Tester' is set on object 'Object Repository/GeorgiaPowerPOC/Page_Online Application for Intelle/input__firstname'

2019-01-28 12:14:44 - [MESSAGE][PASSED] - Text 'Tester' is set on object 'Object Repository/GeorgiaPowerPOC/Page_Online Application for Intelle/input__firstname'

2019-01-28 12:14:44 - [TEST_STEP][PASSED] - setText(findTestObject("GeorgiaPowerPOC/Page_Online Application for Intelle/input__lastname"), findTestData("TestData").getValue("LastName", row)): Text 'Teststwo' is set on object 'Object Repository/GeorgiaPowerPOC/Page_Online Application for Intelle/input__lastname'

2019-01-28 12:14:45 - [MESSAGE][PASSED] - Text 'Teststwo' is set on object 'Object Repository/GeorgiaPowerPOC/Page_Online Application for Intelle/input__lastname'

2019-01-28 12:14:45 - [TEST_STEP][PASSED] - setText(findTestObject("Object Repository/GeorgiaPowerPOC/Page_Online Application for Intelle/input__username"), findTestData("TestData").getValue("CreateUsername", row)): Text 'TesterTests21' is set on object 'Object Repository/GeorgiaPowerPOC/Page_Online Application for Intelle/input__username'

2019-01-28 12:14:45 - [MESSAGE][PASSED] - Text 'TesterTests21' is set on object 'Object Repository/GeorgiaPowerPOC/Page_Online Application for Intelle/input__username'

2019-01-28 12:14:45 - [TEST_STEP][PASSED] - setMaskedText(findTestObject("Object Repository/GeorgiaPowerPOC/Page_Online Application for Intelle/input__password"), findTestData("TestData").getValue("CreatePassword", row)): Text '***********' is set on object 'Object Repository/GeorgiaPowerPOC/Page_Online Application for Intelle/input__password'

2019-01-28 12:14:46 - [MESSAGE][PASSED] - Text '***********' is set on object 'Object Repository/GeorgiaPowerPOC/Page_Online Application for Intelle/input__password'

2019-01-28 12:14:46 - [TEST_STEP][PASSED] - setMaskedText(findTestObject("Object Repository/GeorgiaPowerPOC/Page_Online Application for Intelle/input__rpassword"), findTestData("TestData").getValue("ConfirmPassword", row)): Text '***********' is set on object 'Object Repository/GeorgiaPowerPOC/Page_Online Application for Intelle/input__rpassword'

2019-01-28 12:14:47 - [MESSAGE][PASSED] - Text '***********' is set on object 'Object Repository/GeorgiaPowerPOC/Page_Online Application for Intelle/input__rpassword'

2019-01-28 12:14:47 - [TEST_STEP][PASSED] - setText(findTestObject("Object Repository/GeorgiaPowerPOC/Page_Online Application for Intelle/input__email"), findTestData("TestData").getValue("Email", row)): Text 'test22@tests.com' is set on object 'Object Repository/GeorgiaPowerPOC/Page_Online Application for Intelle/input__email'

2019-01-28 12:14:47 - [MESSAGE][PASSED] - Text 'test22@tests.com' is set on object 'Object Repository/GeorgiaPowerPOC/Page_Online Application for Intelle/input__email'

2019-01-28 12:14:47 - [TEST_STEP][PASSED] - selectOptionByValue(findTestObject("Object Repository/GeorgiaPowerPOC/Page_Online Application for Intelle/select_-- Select --"), "14: 7", true): All options with value '14: 7' are selected in object 'Object Repository/GeorgiaPowerPOC/Page_Online Application for Intelle/select_-- Select --'  using regular expression

2019-01-28 12:14:48 - [MESSAGE][PASSED] - All options with value '14: 7' are selected in object 'Object Repository/GeorgiaPowerPOC/Page_Online Application for Intelle/select_-- Select --'  using regular expression

2019-01-28 12:14:48 - [TEST_STEP][PASSED] - setText(findTestObject("Object Repository/GeorgiaPowerPOC/Page_Online Application for Intelle/input__answer1"), findTestData("TestData").getValue("Answer1", row)): Text 'Atlanta' is set on object 'Object Repository/GeorgiaPowerPOC/Page_Online Application for Intelle/input__answer1'

2019-01-28 12:14:48 - [MESSAGE][PASSED] - Text 'Atlanta' is set on object 'Object Repository/GeorgiaPowerPOC/Page_Online Application for Intelle/input__answer1'

2019-01-28 12:14:48 - [TEST_STEP][PASSED] - selectOptionByValue(findTestObject("Object Repository/GeorgiaPowerPOC/Page_Online Application for Intelle/select_-- Select --           _1"), "12: 3", true): All options with value '12: 3' are selected in object 'Object Repository/GeorgiaPowerPOC/Page_Online Application for Intelle/select_-- Select --           _1'  using regular expression

2019-01-28 12:14:49 - [MESSAGE][PASSED] - All options with value '12: 3' are selected in object 'Object Repository/GeorgiaPowerPOC/Page_Online Application for Intelle/select_-- Select --           _1'  using regular expression

2019-01-28 12:14:49 - [TEST_STEP][PASSED] - setText(findTestObject("Object Repository/GeorgiaPowerPOC/Page_Online Application for Intelle/input__answer2"), findTestData("TestData").getValue("Answer2", row)): Text 'Homeland Security' is set on object 'Object Repository/GeorgiaPowerPOC/Page_Online Application for Intelle/input__answer2'

2019-01-28 12:14:49 - [MESSAGE][PASSED] - Text 'Homeland Security' is set on object 'Object Repository/GeorgiaPowerPOC/Page_Online Application for Intelle/input__answer2'

2019-01-28 12:14:49 - [TEST_STEP][PASSED] - selectOptionByValue(findTestObject("Object Repository/GeorgiaPowerPOC/Page_Online Application for Intelle/select_-- Select --           _2"), "13: 4", true): All options with value '13: 4' are selected in object 'Object Repository/GeorgiaPowerPOC/Page_Online Application for Intelle/select_-- Select --           _2'  using regular expression

2019-01-28 12:14:50 - [MESSAGE][PASSED] - All options with value '13: 4' are selected in object 'Object Repository/GeorgiaPowerPOC/Page_Online Application for Intelle/select_-- Select --           _2'  using regular expression

2019-01-28 12:14:50 - [TEST_STEP][PASSED] - setText(findTestObject("Object Repository/GeorgiaPowerPOC/Page_Online Application for Intelle/input__answer3"), findTestData("TestData").getValue("Answer3", row)): Text 'Yellow' is set on object 'Object Repository/GeorgiaPowerPOC/Page_Online Application for Intelle/input__answer3'

2019-01-28 12:14:50 - [MESSAGE][PASSED] - Text 'Yellow' is set on object 'Object Repository/GeorgiaPowerPOC/Page_Online Application for Intelle/input__answer3'

2019-01-28 12:14:50 - [TEST_STEP][PASSED] - click(findTestObject("GeorgiaPowerPOC/Page_Online Application for Intelle/input__preflang")): Object: 'Object Repository/GeorgiaPowerPOC/Page_Online Application for Intelle/input__preflang' is clicked on

2019-01-28 12:14:50 - [MESSAGE][PASSED] - Object: 'Object Repository/GeorgiaPowerPOC/Page_Online Application for Intelle/input__preflang' is clicked on

2019-01-28 12:14:50 - [TEST_STEP][PASSED] - click(findTestObject("Object Repository/GeorgiaPowerPOC/Page_Online Application for Intelle/button_Continue")): Object: 'Object Repository/GeorgiaPowerPOC/Page_Online Application for Intelle/button_Continue' is clicked on

2019-01-28 12:14:50 - [MESSAGE][PASSED] - Object: 'Object Repository/GeorgiaPowerPOC/Page_Online Application for Intelle/button_Continue' is clicked on

2019-01-28 12:14:50 - [TEST_STEP][PASSED] - closeBrowser(): Browser is closed

2019-01-28 12:14:51 - [MESSAGE][PASSED] - Browser is closed

2019-01-28 12:14:51 - [TEST_STEP][PASSED] - openBrowser(""): Browser is opened with url: ''

2019-01-28 12:14:51 - [MESSAGE][INFO] - Starting 'Chrome' driver

2019-01-28 12:15:17 - [MESSAGE][PASSED] - Browser is opened with url: ''

2019-01-28 12:15:17 - [TEST_STEP][PASSED] - navigateToUrl("https://iddtrain.georgiacollaborative.com/IDDPortal/"): Navigate to 'https://iddtrain.georgiacollaborative.com/IDDPortal/' successfully

2019-01-28 12:15:21 - [MESSAGE][PASSED] - Navigate to 'https://iddtrain.georgiacollaborative.com/IDDPortal/' successfully

2019-01-28 12:15:21 - [TEST_STEP][PASSED] - maximizeWindow(): Current window maximized

2019-01-28 12:15:22 - [MESSAGE][PASSED] - Current window maximized

2019-01-28 12:15:22 - [TEST_STEP][PASSED] - click(findTestObject("Object Repository/GeorgiaPowerPOC/Page_Online Application for Intelle/a_New User Please Sign Up Here")): Object: 'Object Repository/GeorgiaPowerPOC/Page_Online Application for Intelle/a_New User Please Sign Up Here' is clicked on

2019-01-28 12:15:22 - [MESSAGE][PASSED] - Object: 'Object Repository/GeorgiaPowerPOC/Page_Online Application for Intelle/a_New User Please Sign Up Here' is clicked on

2019-01-28 12:15:22 - [TEST_STEP][PASSED] - setText(findTestObject("GeorgiaPowerPOC/Page_Online Application for Intelle/input__firstname"), findTestData("TestData").getValue("FirstName", row)): Text 'Tester' is set on object 'Object Repository/GeorgiaPowerPOC/Page_Online Application for Intelle/input__firstname'

2019-01-28 12:15:23 - [MESSAGE][PASSED] - Text 'Tester' is set on object 'Object Repository/GeorgiaPowerPOC/Page_Online Application for Intelle/input__firstname'

2019-01-28 12:15:23 - [TEST_STEP][PASSED] - setText(findTestObject("GeorgiaPowerPOC/Page_Online Application for Intelle/input__lastname"), findTestData("TestData").getValue("LastName", row)): Text 'Teststhree' is set on object 'Object Repository/GeorgiaPowerPOC/Page_Online Application for Intelle/input__lastname'

2019-01-28 12:15:24 - [MESSAGE][PASSED] - Text 'Teststhree' is set on object 'Object Repository/GeorgiaPowerPOC/Page_Online Application for Intelle/input__lastname'

2019-01-28 12:15:24 - [TEST_STEP][PASSED] - setText(findTestObject("Object Repository/GeorgiaPowerPOC/Page_Online Application for Intelle/input__username"), findTestData("TestData").getValue("CreateUsername", row)): Text 'TesterTests31' is set on object 'Object Repository/GeorgiaPowerPOC/Page_Online Application for Intelle/input__username'

2019-01-28 12:15:24 - [MESSAGE][PASSED] - Text 'TesterTests31' is set on object 'Object Repository/GeorgiaPowerPOC/Page_Online Application for Intelle/input__username'

2019-01-28 12:15:24 - [TEST_STEP][PASSED] - setMaskedText(findTestObject("Object Repository/GeorgiaPowerPOC/Page_Online Application for Intelle/input__password"), findTestData("TestData").getValue("CreatePassword", row)): Text '***********' is set on object 'Object Repository/GeorgiaPowerPOC/Page_Online Application for Intelle/input__password'

2019-01-28 12:15:24 - [MESSAGE][PASSED] - Text '***********' is set on object 'Object Repository/GeorgiaPowerPOC/Page_Online Application for Intelle/input__password'

2019-01-28 12:15:24 - [TEST_STEP][PASSED] - setMaskedText(findTestObject("Object Repository/GeorgiaPowerPOC/Page_Online Application for Intelle/input__rpassword"), findTestData("TestData").getValue("ConfirmPassword", row)): Text '***********' is set on object 'Object Repository/GeorgiaPowerPOC/Page_Online Application for Intelle/input__rpassword'

2019-01-28 12:15:25 - [MESSAGE][PASSED] - Text '***********' is set on object 'Object Repository/GeorgiaPowerPOC/Page_Online Application for Intelle/input__rpassword'

2019-01-28 12:15:25 - [TEST_STEP][PASSED] - setText(findTestObject("Object Repository/GeorgiaPowerPOC/Page_Online Application for Intelle/input__email"), findTestData("TestData").getValue("Email", row)): Text 'test33@tests.com' is set on object 'Object Repository/GeorgiaPowerPOC/Page_Online Application for Intelle/input__email'

2019-01-28 12:15:26 - [MESSAGE][PASSED] - Text 'test33@tests.com' is set on object 'Object Repository/GeorgiaPowerPOC/Page_Online Application for Intelle/input__email'

2019-01-28 12:15:26 - [TEST_STEP][PASSED] - selectOptionByValue(findTestObject("Object Repository/GeorgiaPowerPOC/Page_Online Application for Intelle/select_-- Select --"), "14: 7", true): All options with value '14: 7' are selected in object 'Object Repository/GeorgiaPowerPOC/Page_Online Application for Intelle/select_-- Select --'  using regular expression

2019-01-28 12:15:27 - [MESSAGE][PASSED] - All options with value '14: 7' are selected in object 'Object Repository/GeorgiaPowerPOC/Page_Online Application for Intelle/select_-- Select --'  using regular expression

2019-01-28 12:15:27 - [TEST_STEP][PASSED] - setText(findTestObject("Object Repository/GeorgiaPowerPOC/Page_Online Application for Intelle/input__answer1"), findTestData("TestData").getValue("Answer1", row)): Text 'Atlanta' is set on object 'Object Repository/GeorgiaPowerPOC/Page_Online Application for Intelle/input__answer1'

2019-01-28 12:15:28 - [MESSAGE][PASSED] - Text 'Atlanta' is set on object 'Object Repository/GeorgiaPowerPOC/Page_Online Application for Intelle/input__answer1'

2019-01-28 12:15:28 - [TEST_STEP][PASSED] - selectOptionByValue(findTestObject("Object Repository/GeorgiaPowerPOC/Page_Online Application for Intelle/select_-- Select --           _1"), "12: 3", true): All options with value '12: 3' are selected in object 'Object Repository/GeorgiaPowerPOC/Page_Online Application for Intelle/select_-- Select --           _1'  using regular expression

2019-01-28 12:15:28 - [MESSAGE][PASSED] - All options with value '12: 3' are selected in object 'Object Repository/GeorgiaPowerPOC/Page_Online Application for Intelle/select_-- Select --           _1'  using regular expression

2019-01-28 12:15:28 - [TEST_STEP][PASSED] - setText(findTestObject("Object Repository/GeorgiaPowerPOC/Page_Online Application for Intelle/input__answer2"), findTestData("TestData").getValue("Answer2", row)): Text 'Bodyguard' is set on object 'Object Repository/GeorgiaPowerPOC/Page_Online Application for Intelle/input__answer2'

2019-01-28 12:15:28 - [MESSAGE][PASSED] - Text 'Bodyguard' is set on object 'Object Repository/GeorgiaPowerPOC/Page_Online Application for Intelle/input__answer2'

2019-01-28 12:15:28 - [TEST_STEP][PASSED] - selectOptionByValue(findTestObject("Object Repository/GeorgiaPowerPOC/Page_Online Application for Intelle/select_-- Select --           _2"), "13: 4", true): All options with value '13: 4' are selected in object 'Object Repository/GeorgiaPowerPOC/Page_Online Application for Intelle/select_-- Select --           _2'  using regular expression

2019-01-28 12:15:29 - [MESSAGE][PASSED] - All options with value '13: 4' are selected in object 'Object Repository/GeorgiaPowerPOC/Page_Online Application for Intelle/select_-- Select --           _2'  using regular expression

2019-01-28 12:15:29 - [TEST_STEP][PASSED] - setText(findTestObject("Object Repository/GeorgiaPowerPOC/Page_Online Application for Intelle/input__answer3"), findTestData("TestData").getValue("Answer3", row)): Text 'Purple' is set on object 'Object Repository/GeorgiaPowerPOC/Page_Online Application for Intelle/input__answer3'

2019-01-28 12:15:29 - [MESSAGE][PASSED] - Text 'Purple' is set on object 'Object Repository/GeorgiaPowerPOC/Page_Online Application for Intelle/input__answer3'

2019-01-28 12:15:29 - [TEST_STEP][PASSED] - click(findTestObject("GeorgiaPowerPOC/Page_Online Application for Intelle/input__preflang")): Object: 'Object Repository/GeorgiaPowerPOC/Page_Online Application for Intelle/input__preflang' is clicked on

2019-01-28 12:15:29 - [MESSAGE][PASSED] - Object: 'Object Repository/GeorgiaPowerPOC/Page_Online Application for Intelle/input__preflang' is clicked on

2019-01-28 12:15:29 - [TEST_STEP][PASSED] - click(findTestObject("Object Repository/GeorgiaPowerPOC/Page_Online Application for Intelle/button_Continue")): Object: 'Object Repository/GeorgiaPowerPOC/Page_Online Application for Intelle/button_Continue' is clicked on

2019-01-28 12:15:30 - [MESSAGE][PASSED] - Object: 'Object Repository/GeorgiaPowerPOC/Page_Online Application for Intelle/button_Continue' is clicked on

2019-01-28 12:15:30 - [TEST_STEP][PASSED] - closeBrowser(): Browser is closed

2019-01-28 12:15:31 - [MESSAGE][PASSED] - Browser is closed]]></system-out>
         <system-err><![CDATA[]]></system-err>
      </testcase>
      <system-out><![CDATA[2019-01-28 12:13:19 - [TEST_SUITE][PASSED] - CreatesAUser: Test Cases/CreateUser]]></system-out>
      <system-err><![CDATA[]]></system-err>
   </testsuite>
</testsuites>
