<?xml version="1.0" encoding="UTF-8"?>
<testsuites name="GeorgiaPowerPOC" time="37" tests="1" failures="0" errors="0">
   <testsuite name="GeorgiaPowerPOC" tests="1" failures="0" errors="0" time="37" timestamp="2019-01-22 12:39:56" hostname="mitali.p.shah - CPX-SJJHSRSSIFU.dir.svc.accenture.com" id="Test Suites/GeorgiaPowerPOC">
      <properties>
         <property name="deviceName" value=""/>
         <property name="devicePlatform" value=""/>
         <property name="logFolder" value="C:\\Users\\mitali.p.shah\\Katalon Studio\\POCGeorgiaPower\\Reports\\GeorgiaPowerPOC\\20190122_123954"/>
         <property name="logFiles" value="C:\\Users\\mitali.p.shah\\Katalon Studio\\POCGeorgiaPower\\Reports\\GeorgiaPowerPOC\\20190122_123954\\execution0.log"/>
         <property name="attachments" value=""/>
         <property name="hostName" value="mitali.p.shah - CPX-SJJHSRSSIFU.dir.svc.accenture.com"/>
         <property name="os" value="Windows 10 64bit"/>
         <property name="katalonVersion" value="5.10.1.1"/>
         <property name="browser" value="Chrome 71.0.3578.98"/>
         <property name="hostAddress" value="10.0.75.1"/>
         <property name="sessionId" value="86b685a9f6a1c78a6ed67eb453d240f0"/>
         <property name="seleniumVersion" value="3.7.1"/>
         <property name="proxyInformation" value="ProxyInformation{proxyOption=NO_PROXY, proxyServerType=HTTP, password=, proxyServerAddress=, proxyServerPort=0}"/>
         <property name="platform" value="Windows 10"/>
      </properties>
      <testcase name="Test Cases/CreateUser" classname="Test Cases/CreateUser" status="PASSED">
         <system-out><![CDATA[2019-01-22 12:39:57 - [TEST_CASE][PASSED] - Test Cases/CreateUser: Test Cases/CreateUser

2019-01-22 12:39:58 - [TEST_STEP][PASSED] - for ([row = 1, row <= findTestData("TestData").getRowNumbers(), (row++)]): Browser is closed

2019-01-22 12:39:58 - [TEST_STEP][PASSED] - openBrowser(""): Browser is opened with url: ''

2019-01-22 12:39:59 - [MESSAGE][INFO] - Starting 'Chrome' driver

2019-01-22 12:39:59 - [MESSAGE][INFO] - Action delay is set to 0 seconds

2019-01-22 12:40:03 - [MESSAGE][PASSED] - Browser is opened with url: ''

2019-01-22 12:40:03 - [TEST_STEP][PASSED] - navigateToUrl("https://iddtrain.georgiacollaborative.com/IDDPortal/"): Navigate to 'https://iddtrain.georgiacollaborative.com/IDDPortal/' successfully

2019-01-22 12:40:06 - [MESSAGE][PASSED] - Navigate to 'https://iddtrain.georgiacollaborative.com/IDDPortal/' successfully

2019-01-22 12:40:06 - [TEST_STEP][PASSED] - maximizeWindow(): Current window maximized

2019-01-22 12:40:07 - [MESSAGE][PASSED] - Current window maximized

2019-01-22 12:40:07 - [TEST_STEP][PASSED] - click(findTestObject("Object Repository/GeorgiaPowerPOC/Page_Online Application for Intelle/a_New User Please Sign Up Here")): Object: 'Object Repository/GeorgiaPowerPOC/Page_Online Application for Intelle/a_New User Please Sign Up Here' is clicked on

2019-01-22 12:40:07 - [MESSAGE][PASSED] - Object: 'Object Repository/GeorgiaPowerPOC/Page_Online Application for Intelle/a_New User Please Sign Up Here' is clicked on

2019-01-22 12:40:07 - [TEST_STEP][PASSED] - setText(findTestObject("GeorgiaPowerPOC/Page_Online Application for Intelle/input__firstname"), findTestData("TestData").getValue("FirstName", row)): Text 'Tester' is set on object 'Object Repository/GeorgiaPowerPOC/Page_Online Application for Intelle/input__firstname'

2019-01-22 12:40:08 - [MESSAGE][PASSED] - Text 'Tester' is set on object 'Object Repository/GeorgiaPowerPOC/Page_Online Application for Intelle/input__firstname'

2019-01-22 12:40:08 - [TEST_STEP][PASSED] - setText(findTestObject("GeorgiaPowerPOC/Page_Online Application for Intelle/input__lastname"), findTestData("TestData").getValue("LastName", row)): Text 'Tests1' is set on object 'Object Repository/GeorgiaPowerPOC/Page_Online Application for Intelle/input__lastname'

2019-01-22 12:40:08 - [MESSAGE][PASSED] - Text 'Tests1' is set on object 'Object Repository/GeorgiaPowerPOC/Page_Online Application for Intelle/input__lastname'

2019-01-22 12:40:08 - [TEST_STEP][PASSED] - setText(findTestObject("Object Repository/GeorgiaPowerPOC/Page_Online Application for Intelle/input__username"), findTestData("TestData").getValue("CreateUsername", row)): Text 'TesterTests1' is set on object 'Object Repository/GeorgiaPowerPOC/Page_Online Application for Intelle/input__username'

2019-01-22 12:40:08 - [MESSAGE][PASSED] - Text 'TesterTests1' is set on object 'Object Repository/GeorgiaPowerPOC/Page_Online Application for Intelle/input__username'

2019-01-22 12:40:08 - [TEST_STEP][PASSED] - setMaskedText(findTestObject("Object Repository/GeorgiaPowerPOC/Page_Online Application for Intelle/input__password"), findTestData("TestData").getValue("CreatePassword", row)): Text '********' is set on object 'Object Repository/GeorgiaPowerPOC/Page_Online Application for Intelle/input__password'

2019-01-22 12:40:09 - [MESSAGE][PASSED] - Text '********' is set on object 'Object Repository/GeorgiaPowerPOC/Page_Online Application for Intelle/input__password'

2019-01-22 12:40:09 - [TEST_STEP][PASSED] - setMaskedText(findTestObject("Object Repository/GeorgiaPowerPOC/Page_Online Application for Intelle/input__rpassword"), findTestData("TestData").getValue("ConfirmPassword", row)): Text '********' is set on object 'Object Repository/GeorgiaPowerPOC/Page_Online Application for Intelle/input__rpassword'

2019-01-22 12:40:09 - [MESSAGE][PASSED] - Text '********' is set on object 'Object Repository/GeorgiaPowerPOC/Page_Online Application for Intelle/input__rpassword'

2019-01-22 12:40:09 - [TEST_STEP][PASSED] - setText(findTestObject("Object Repository/GeorgiaPowerPOC/Page_Online Application for Intelle/input__email"), findTestData("TestData").getValue("Email", row)): Text 'test@tests.com' is set on object 'Object Repository/GeorgiaPowerPOC/Page_Online Application for Intelle/input__email'

2019-01-22 12:40:09 - [MESSAGE][PASSED] - Text 'test@tests.com' is set on object 'Object Repository/GeorgiaPowerPOC/Page_Online Application for Intelle/input__email'

2019-01-22 12:40:09 - [TEST_STEP][PASSED] - selectOptionByValue(findTestObject("Object Repository/GeorgiaPowerPOC/Page_Online Application for Intelle/select_-- Select --"), "14: 7", true): All options with value '14: 7' are selected in object 'Object Repository/GeorgiaPowerPOC/Page_Online Application for Intelle/select_-- Select --'  using regular expression

2019-01-22 12:40:09 - [MESSAGE][PASSED] - All options with value '14: 7' are selected in object 'Object Repository/GeorgiaPowerPOC/Page_Online Application for Intelle/select_-- Select --'  using regular expression

2019-01-22 12:40:09 - [TEST_STEP][PASSED] - setText(findTestObject("Object Repository/GeorgiaPowerPOC/Page_Online Application for Intelle/input__answer1"), findTestData("TestData").getValue("Answer1", row)): Text 'Tampa' is set on object 'Object Repository/GeorgiaPowerPOC/Page_Online Application for Intelle/input__answer1'

2019-01-22 12:40:10 - [MESSAGE][PASSED] - Text 'Tampa' is set on object 'Object Repository/GeorgiaPowerPOC/Page_Online Application for Intelle/input__answer1'

2019-01-22 12:40:10 - [TEST_STEP][PASSED] - selectOptionByValue(findTestObject("Object Repository/GeorgiaPowerPOC/Page_Online Application for Intelle/select_-- Select --           _1"), "12: 3", true): All options with value '12: 3' are selected in object 'Object Repository/GeorgiaPowerPOC/Page_Online Application for Intelle/select_-- Select --           _1'  using regular expression

2019-01-22 12:40:10 - [MESSAGE][PASSED] - All options with value '12: 3' are selected in object 'Object Repository/GeorgiaPowerPOC/Page_Online Application for Intelle/select_-- Select --           _1'  using regular expression

2019-01-22 12:40:10 - [TEST_STEP][PASSED] - setText(findTestObject("Object Repository/GeorgiaPowerPOC/Page_Online Application for Intelle/input__answer2"), findTestData("TestData").getValue("Answer2", row)): Text 'Designated Survivor' is set on object 'Object Repository/GeorgiaPowerPOC/Page_Online Application for Intelle/input__answer2'

2019-01-22 12:40:10 - [MESSAGE][PASSED] - Text 'Designated Survivor' is set on object 'Object Repository/GeorgiaPowerPOC/Page_Online Application for Intelle/input__answer2'

2019-01-22 12:40:10 - [TEST_STEP][PASSED] - selectOptionByValue(findTestObject("Object Repository/GeorgiaPowerPOC/Page_Online Application for Intelle/select_-- Select --           _2"), "13: 4", true): All options with value '13: 4' are selected in object 'Object Repository/GeorgiaPowerPOC/Page_Online Application for Intelle/select_-- Select --           _2'  using regular expression

2019-01-22 12:40:11 - [MESSAGE][PASSED] - All options with value '13: 4' are selected in object 'Object Repository/GeorgiaPowerPOC/Page_Online Application for Intelle/select_-- Select --           _2'  using regular expression

2019-01-22 12:40:11 - [TEST_STEP][PASSED] - setText(findTestObject("Object Repository/GeorgiaPowerPOC/Page_Online Application for Intelle/input__answer3"), findTestData("TestData").getValue("Answer3", row)): Text 'Blue' is set on object 'Object Repository/GeorgiaPowerPOC/Page_Online Application for Intelle/input__answer3'

2019-01-22 12:40:11 - [MESSAGE][PASSED] - Text 'Blue' is set on object 'Object Repository/GeorgiaPowerPOC/Page_Online Application for Intelle/input__answer3'

2019-01-22 12:40:11 - [TEST_STEP][PASSED] - click(findTestObject("GeorgiaPowerPOC/Page_Online Application for Intelle/input__preflang")): Object: 'Object Repository/GeorgiaPowerPOC/Page_Online Application for Intelle/input__preflang' is clicked on

2019-01-22 12:40:11 - [MESSAGE][PASSED] - Object: 'Object Repository/GeorgiaPowerPOC/Page_Online Application for Intelle/input__preflang' is clicked on

2019-01-22 12:40:11 - [TEST_STEP][NOT_RUN] - click(findTestObject("Object Repository/GeorgiaPowerPOC/Page_Online Application for Intelle/button_Continue")): NOT_RUN: click(findTestObject("Object Repository/GeorgiaPowerPOC/Page_Online Application for Intelle/button_Continue"))

2019-01-22 12:40:11 - [MESSAGE][NOT_RUN] - NOT_RUN: click(findTestObject("Object Repository/GeorgiaPowerPOC/Page_Online Application for Intelle/button_Continue"))

2019-01-22 12:40:11 - [TEST_STEP][NOT_RUN] - verifyElementPresent(findTestObject("Page_Online Application for Intelle/h2_Welcome                Test"), 0): NOT_RUN: verifyElementPresent(findTestObject("Page_Online Application for Intelle/h2_Welcome                Test"), 0)

2019-01-22 12:40:11 - [MESSAGE][NOT_RUN] - NOT_RUN: verifyElementPresent(findTestObject("Page_Online Application for Intelle/h2_Welcome                Test"), 0)

2019-01-22 12:40:11 - [TEST_STEP][NOT_RUN] - verifyElementPresent(findTestObject("Page_Online Application for Intelle/b_Test Tests"), 0): NOT_RUN: verifyElementPresent(findTestObject("Page_Online Application for Intelle/b_Test Tests"), 0)

2019-01-22 12:40:11 - [MESSAGE][NOT_RUN] - NOT_RUN: verifyElementPresent(findTestObject("Page_Online Application for Intelle/b_Test Tests"), 0)

2019-01-22 12:40:11 - [TEST_STEP][PASSED] - closeBrowser(): Browser is closed

2019-01-22 12:40:12 - [MESSAGE][PASSED] - Browser is closed

2019-01-22 12:40:12 - [TEST_STEP][PASSED] - openBrowser(""): Browser is opened with url: ''

2019-01-22 12:40:12 - [MESSAGE][INFO] - Starting 'Chrome' driver

2019-01-22 12:40:15 - [MESSAGE][PASSED] - Browser is opened with url: ''

2019-01-22 12:40:15 - [TEST_STEP][PASSED] - navigateToUrl("https://iddtrain.georgiacollaborative.com/IDDPortal/"): Navigate to 'https://iddtrain.georgiacollaborative.com/IDDPortal/' successfully

2019-01-22 12:40:17 - [MESSAGE][PASSED] - Navigate to 'https://iddtrain.georgiacollaborative.com/IDDPortal/' successfully

2019-01-22 12:40:17 - [TEST_STEP][PASSED] - maximizeWindow(): Current window maximized

2019-01-22 12:40:18 - [MESSAGE][PASSED] - Current window maximized

2019-01-22 12:40:18 - [TEST_STEP][PASSED] - click(findTestObject("Object Repository/GeorgiaPowerPOC/Page_Online Application for Intelle/a_New User Please Sign Up Here")): Object: 'Object Repository/GeorgiaPowerPOC/Page_Online Application for Intelle/a_New User Please Sign Up Here' is clicked on

2019-01-22 12:40:18 - [MESSAGE][PASSED] - Object: 'Object Repository/GeorgiaPowerPOC/Page_Online Application for Intelle/a_New User Please Sign Up Here' is clicked on

2019-01-22 12:40:18 - [TEST_STEP][PASSED] - setText(findTestObject("GeorgiaPowerPOC/Page_Online Application for Intelle/input__firstname"), findTestData("TestData").getValue("FirstName", row)): Text 'Tester' is set on object 'Object Repository/GeorgiaPowerPOC/Page_Online Application for Intelle/input__firstname'

2019-01-22 12:40:19 - [MESSAGE][PASSED] - Text 'Tester' is set on object 'Object Repository/GeorgiaPowerPOC/Page_Online Application for Intelle/input__firstname'

2019-01-22 12:40:19 - [TEST_STEP][PASSED] - setText(findTestObject("GeorgiaPowerPOC/Page_Online Application for Intelle/input__lastname"), findTestData("TestData").getValue("LastName", row)): Text 'Tests2' is set on object 'Object Repository/GeorgiaPowerPOC/Page_Online Application for Intelle/input__lastname'

2019-01-22 12:40:19 - [MESSAGE][PASSED] - Text 'Tests2' is set on object 'Object Repository/GeorgiaPowerPOC/Page_Online Application for Intelle/input__lastname'

2019-01-22 12:40:19 - [TEST_STEP][PASSED] - setText(findTestObject("Object Repository/GeorgiaPowerPOC/Page_Online Application for Intelle/input__username"), findTestData("TestData").getValue("CreateUsername", row)): Text 'TesterTests2' is set on object 'Object Repository/GeorgiaPowerPOC/Page_Online Application for Intelle/input__username'

2019-01-22 12:40:19 - [MESSAGE][PASSED] - Text 'TesterTests2' is set on object 'Object Repository/GeorgiaPowerPOC/Page_Online Application for Intelle/input__username'

2019-01-22 12:40:19 - [TEST_STEP][PASSED] - setMaskedText(findTestObject("Object Repository/GeorgiaPowerPOC/Page_Online Application for Intelle/input__password"), findTestData("TestData").getValue("CreatePassword", row)): Text '********' is set on object 'Object Repository/GeorgiaPowerPOC/Page_Online Application for Intelle/input__password'

2019-01-22 12:40:20 - [MESSAGE][PASSED] - Text '********' is set on object 'Object Repository/GeorgiaPowerPOC/Page_Online Application for Intelle/input__password'

2019-01-22 12:40:20 - [TEST_STEP][PASSED] - setMaskedText(findTestObject("Object Repository/GeorgiaPowerPOC/Page_Online Application for Intelle/input__rpassword"), findTestData("TestData").getValue("ConfirmPassword", row)): Text '********' is set on object 'Object Repository/GeorgiaPowerPOC/Page_Online Application for Intelle/input__rpassword'

2019-01-22 12:40:20 - [MESSAGE][PASSED] - Text '********' is set on object 'Object Repository/GeorgiaPowerPOC/Page_Online Application for Intelle/input__rpassword'

2019-01-22 12:40:20 - [TEST_STEP][PASSED] - setText(findTestObject("Object Repository/GeorgiaPowerPOC/Page_Online Application for Intelle/input__email"), findTestData("TestData").getValue("Email", row)): Text 'test@tests.com' is set on object 'Object Repository/GeorgiaPowerPOC/Page_Online Application for Intelle/input__email'

2019-01-22 12:40:20 - [MESSAGE][PASSED] - Text 'test@tests.com' is set on object 'Object Repository/GeorgiaPowerPOC/Page_Online Application for Intelle/input__email'

2019-01-22 12:40:20 - [TEST_STEP][PASSED] - selectOptionByValue(findTestObject("Object Repository/GeorgiaPowerPOC/Page_Online Application for Intelle/select_-- Select --"), "14: 7", true): All options with value '14: 7' are selected in object 'Object Repository/GeorgiaPowerPOC/Page_Online Application for Intelle/select_-- Select --'  using regular expression

2019-01-22 12:40:20 - [MESSAGE][PASSED] - All options with value '14: 7' are selected in object 'Object Repository/GeorgiaPowerPOC/Page_Online Application for Intelle/select_-- Select --'  using regular expression

2019-01-22 12:40:20 - [TEST_STEP][PASSED] - setText(findTestObject("Object Repository/GeorgiaPowerPOC/Page_Online Application for Intelle/input__answer1"), findTestData("TestData").getValue("Answer1", row)): Text 'Atlanta' is set on object 'Object Repository/GeorgiaPowerPOC/Page_Online Application for Intelle/input__answer1'

2019-01-22 12:40:21 - [MESSAGE][PASSED] - Text 'Atlanta' is set on object 'Object Repository/GeorgiaPowerPOC/Page_Online Application for Intelle/input__answer1'

2019-01-22 12:40:21 - [TEST_STEP][PASSED] - selectOptionByValue(findTestObject("Object Repository/GeorgiaPowerPOC/Page_Online Application for Intelle/select_-- Select --           _1"), "12: 3", true): All options with value '12: 3' are selected in object 'Object Repository/GeorgiaPowerPOC/Page_Online Application for Intelle/select_-- Select --           _1'  using regular expression

2019-01-22 12:40:21 - [MESSAGE][PASSED] - All options with value '12: 3' are selected in object 'Object Repository/GeorgiaPowerPOC/Page_Online Application for Intelle/select_-- Select --           _1'  using regular expression

2019-01-22 12:40:21 - [TEST_STEP][PASSED] - setText(findTestObject("Object Repository/GeorgiaPowerPOC/Page_Online Application for Intelle/input__answer2"), findTestData("TestData").getValue("Answer2", row)): Text 'Homeland Security' is set on object 'Object Repository/GeorgiaPowerPOC/Page_Online Application for Intelle/input__answer2'

2019-01-22 12:40:21 - [MESSAGE][PASSED] - Text 'Homeland Security' is set on object 'Object Repository/GeorgiaPowerPOC/Page_Online Application for Intelle/input__answer2'

2019-01-22 12:40:21 - [TEST_STEP][PASSED] - selectOptionByValue(findTestObject("Object Repository/GeorgiaPowerPOC/Page_Online Application for Intelle/select_-- Select --           _2"), "13: 4", true): All options with value '13: 4' are selected in object 'Object Repository/GeorgiaPowerPOC/Page_Online Application for Intelle/select_-- Select --           _2'  using regular expression

2019-01-22 12:40:21 - [MESSAGE][PASSED] - All options with value '13: 4' are selected in object 'Object Repository/GeorgiaPowerPOC/Page_Online Application for Intelle/select_-- Select --           _2'  using regular expression

2019-01-22 12:40:21 - [TEST_STEP][PASSED] - setText(findTestObject("Object Repository/GeorgiaPowerPOC/Page_Online Application for Intelle/input__answer3"), findTestData("TestData").getValue("Answer3", row)): Text 'Yellow' is set on object 'Object Repository/GeorgiaPowerPOC/Page_Online Application for Intelle/input__answer3'

2019-01-22 12:40:22 - [MESSAGE][PASSED] - Text 'Yellow' is set on object 'Object Repository/GeorgiaPowerPOC/Page_Online Application for Intelle/input__answer3'

2019-01-22 12:40:22 - [TEST_STEP][PASSED] - click(findTestObject("GeorgiaPowerPOC/Page_Online Application for Intelle/input__preflang")): Object: 'Object Repository/GeorgiaPowerPOC/Page_Online Application for Intelle/input__preflang' is clicked on

2019-01-22 12:40:22 - [MESSAGE][PASSED] - Object: 'Object Repository/GeorgiaPowerPOC/Page_Online Application for Intelle/input__preflang' is clicked on

2019-01-22 12:40:22 - [TEST_STEP][NOT_RUN] - click(findTestObject("Object Repository/GeorgiaPowerPOC/Page_Online Application for Intelle/button_Continue")): NOT_RUN: click(findTestObject("Object Repository/GeorgiaPowerPOC/Page_Online Application for Intelle/button_Continue"))

2019-01-22 12:40:22 - [MESSAGE][NOT_RUN] - NOT_RUN: click(findTestObject("Object Repository/GeorgiaPowerPOC/Page_Online Application for Intelle/button_Continue"))

2019-01-22 12:40:22 - [TEST_STEP][NOT_RUN] - verifyElementPresent(findTestObject("Page_Online Application for Intelle/h2_Welcome                Test"), 0): NOT_RUN: verifyElementPresent(findTestObject("Page_Online Application for Intelle/h2_Welcome                Test"), 0)

2019-01-22 12:40:22 - [MESSAGE][NOT_RUN] - NOT_RUN: verifyElementPresent(findTestObject("Page_Online Application for Intelle/h2_Welcome                Test"), 0)

2019-01-22 12:40:22 - [TEST_STEP][NOT_RUN] - verifyElementPresent(findTestObject("Page_Online Application for Intelle/b_Test Tests"), 0): NOT_RUN: verifyElementPresent(findTestObject("Page_Online Application for Intelle/b_Test Tests"), 0)

2019-01-22 12:40:22 - [MESSAGE][NOT_RUN] - NOT_RUN: verifyElementPresent(findTestObject("Page_Online Application for Intelle/b_Test Tests"), 0)

2019-01-22 12:40:22 - [TEST_STEP][PASSED] - closeBrowser(): Browser is closed

2019-01-22 12:40:23 - [MESSAGE][PASSED] - Browser is closed

2019-01-22 12:40:23 - [TEST_STEP][PASSED] - openBrowser(""): Browser is opened with url: ''

2019-01-22 12:40:23 - [MESSAGE][INFO] - Starting 'Chrome' driver

2019-01-22 12:40:25 - [MESSAGE][PASSED] - Browser is opened with url: ''

2019-01-22 12:40:25 - [TEST_STEP][PASSED] - navigateToUrl("https://iddtrain.georgiacollaborative.com/IDDPortal/"): Navigate to 'https://iddtrain.georgiacollaborative.com/IDDPortal/' successfully

2019-01-22 12:40:28 - [MESSAGE][PASSED] - Navigate to 'https://iddtrain.georgiacollaborative.com/IDDPortal/' successfully

2019-01-22 12:40:28 - [TEST_STEP][PASSED] - maximizeWindow(): Current window maximized

2019-01-22 12:40:29 - [MESSAGE][PASSED] - Current window maximized

2019-01-22 12:40:29 - [TEST_STEP][PASSED] - click(findTestObject("Object Repository/GeorgiaPowerPOC/Page_Online Application for Intelle/a_New User Please Sign Up Here")): Object: 'Object Repository/GeorgiaPowerPOC/Page_Online Application for Intelle/a_New User Please Sign Up Here' is clicked on

2019-01-22 12:40:29 - [MESSAGE][PASSED] - Object: 'Object Repository/GeorgiaPowerPOC/Page_Online Application for Intelle/a_New User Please Sign Up Here' is clicked on

2019-01-22 12:40:29 - [TEST_STEP][PASSED] - setText(findTestObject("GeorgiaPowerPOC/Page_Online Application for Intelle/input__firstname"), findTestData("TestData").getValue("FirstName", row)): Text 'Tester' is set on object 'Object Repository/GeorgiaPowerPOC/Page_Online Application for Intelle/input__firstname'

2019-01-22 12:40:29 - [MESSAGE][PASSED] - Text 'Tester' is set on object 'Object Repository/GeorgiaPowerPOC/Page_Online Application for Intelle/input__firstname'

2019-01-22 12:40:29 - [TEST_STEP][PASSED] - setText(findTestObject("GeorgiaPowerPOC/Page_Online Application for Intelle/input__lastname"), findTestData("TestData").getValue("LastName", row)): Text 'Tests3' is set on object 'Object Repository/GeorgiaPowerPOC/Page_Online Application for Intelle/input__lastname'

2019-01-22 12:40:30 - [MESSAGE][PASSED] - Text 'Tests3' is set on object 'Object Repository/GeorgiaPowerPOC/Page_Online Application for Intelle/input__lastname'

2019-01-22 12:40:30 - [TEST_STEP][PASSED] - setText(findTestObject("Object Repository/GeorgiaPowerPOC/Page_Online Application for Intelle/input__username"), findTestData("TestData").getValue("CreateUsername", row)): Text 'TesterTests3' is set on object 'Object Repository/GeorgiaPowerPOC/Page_Online Application for Intelle/input__username'

2019-01-22 12:40:30 - [MESSAGE][PASSED] - Text 'TesterTests3' is set on object 'Object Repository/GeorgiaPowerPOC/Page_Online Application for Intelle/input__username'

2019-01-22 12:40:30 - [TEST_STEP][PASSED] - setMaskedText(findTestObject("Object Repository/GeorgiaPowerPOC/Page_Online Application for Intelle/input__password"), findTestData("TestData").getValue("CreatePassword", row)): Text '********' is set on object 'Object Repository/GeorgiaPowerPOC/Page_Online Application for Intelle/input__password'

2019-01-22 12:40:30 - [MESSAGE][PASSED] - Text '********' is set on object 'Object Repository/GeorgiaPowerPOC/Page_Online Application for Intelle/input__password'

2019-01-22 12:40:30 - [TEST_STEP][PASSED] - setMaskedText(findTestObject("Object Repository/GeorgiaPowerPOC/Page_Online Application for Intelle/input__rpassword"), findTestData("TestData").getValue("ConfirmPassword", row)): Text '********' is set on object 'Object Repository/GeorgiaPowerPOC/Page_Online Application for Intelle/input__rpassword'

2019-01-22 12:40:30 - [MESSAGE][PASSED] - Text '********' is set on object 'Object Repository/GeorgiaPowerPOC/Page_Online Application for Intelle/input__rpassword'

2019-01-22 12:40:30 - [TEST_STEP][PASSED] - setText(findTestObject("Object Repository/GeorgiaPowerPOC/Page_Online Application for Intelle/input__email"), findTestData("TestData").getValue("Email", row)): Text 'test@tests.com' is set on object 'Object Repository/GeorgiaPowerPOC/Page_Online Application for Intelle/input__email'

2019-01-22 12:40:31 - [MESSAGE][PASSED] - Text 'test@tests.com' is set on object 'Object Repository/GeorgiaPowerPOC/Page_Online Application for Intelle/input__email'

2019-01-22 12:40:31 - [TEST_STEP][PASSED] - selectOptionByValue(findTestObject("Object Repository/GeorgiaPowerPOC/Page_Online Application for Intelle/select_-- Select --"), "14: 7", true): All options with value '14: 7' are selected in object 'Object Repository/GeorgiaPowerPOC/Page_Online Application for Intelle/select_-- Select --'  using regular expression

2019-01-22 12:40:31 - [MESSAGE][PASSED] - All options with value '14: 7' are selected in object 'Object Repository/GeorgiaPowerPOC/Page_Online Application for Intelle/select_-- Select --'  using regular expression

2019-01-22 12:40:31 - [TEST_STEP][PASSED] - setText(findTestObject("Object Repository/GeorgiaPowerPOC/Page_Online Application for Intelle/input__answer1"), findTestData("TestData").getValue("Answer1", row)): Text 'Atlanta' is set on object 'Object Repository/GeorgiaPowerPOC/Page_Online Application for Intelle/input__answer1'

2019-01-22 12:40:31 - [MESSAGE][PASSED] - Text 'Atlanta' is set on object 'Object Repository/GeorgiaPowerPOC/Page_Online Application for Intelle/input__answer1'

2019-01-22 12:40:31 - [TEST_STEP][PASSED] - selectOptionByValue(findTestObject("Object Repository/GeorgiaPowerPOC/Page_Online Application for Intelle/select_-- Select --           _1"), "12: 3", true): All options with value '12: 3' are selected in object 'Object Repository/GeorgiaPowerPOC/Page_Online Application for Intelle/select_-- Select --           _1'  using regular expression

2019-01-22 12:40:32 - [MESSAGE][PASSED] - All options with value '12: 3' are selected in object 'Object Repository/GeorgiaPowerPOC/Page_Online Application for Intelle/select_-- Select --           _1'  using regular expression

2019-01-22 12:40:32 - [TEST_STEP][PASSED] - setText(findTestObject("Object Repository/GeorgiaPowerPOC/Page_Online Application for Intelle/input__answer2"), findTestData("TestData").getValue("Answer2", row)): Text 'Bodyguard' is set on object 'Object Repository/GeorgiaPowerPOC/Page_Online Application for Intelle/input__answer2'

2019-01-22 12:40:32 - [MESSAGE][PASSED] - Text 'Bodyguard' is set on object 'Object Repository/GeorgiaPowerPOC/Page_Online Application for Intelle/input__answer2'

2019-01-22 12:40:32 - [TEST_STEP][PASSED] - selectOptionByValue(findTestObject("Object Repository/GeorgiaPowerPOC/Page_Online Application for Intelle/select_-- Select --           _2"), "13: 4", true): All options with value '13: 4' are selected in object 'Object Repository/GeorgiaPowerPOC/Page_Online Application for Intelle/select_-- Select --           _2'  using regular expression

2019-01-22 12:40:32 - [MESSAGE][PASSED] - All options with value '13: 4' are selected in object 'Object Repository/GeorgiaPowerPOC/Page_Online Application for Intelle/select_-- Select --           _2'  using regular expression

2019-01-22 12:40:32 - [TEST_STEP][PASSED] - setText(findTestObject("Object Repository/GeorgiaPowerPOC/Page_Online Application for Intelle/input__answer3"), findTestData("TestData").getValue("Answer3", row)): Text 'Purple' is set on object 'Object Repository/GeorgiaPowerPOC/Page_Online Application for Intelle/input__answer3'

2019-01-22 12:40:32 - [MESSAGE][PASSED] - Text 'Purple' is set on object 'Object Repository/GeorgiaPowerPOC/Page_Online Application for Intelle/input__answer3'

2019-01-22 12:40:32 - [TEST_STEP][PASSED] - click(findTestObject("GeorgiaPowerPOC/Page_Online Application for Intelle/input__preflang")): Object: 'Object Repository/GeorgiaPowerPOC/Page_Online Application for Intelle/input__preflang' is clicked on

2019-01-22 12:40:32 - [MESSAGE][PASSED] - Object: 'Object Repository/GeorgiaPowerPOC/Page_Online Application for Intelle/input__preflang' is clicked on

2019-01-22 12:40:32 - [TEST_STEP][NOT_RUN] - click(findTestObject("Object Repository/GeorgiaPowerPOC/Page_Online Application for Intelle/button_Continue")): NOT_RUN: click(findTestObject("Object Repository/GeorgiaPowerPOC/Page_Online Application for Intelle/button_Continue"))

2019-01-22 12:40:32 - [MESSAGE][NOT_RUN] - NOT_RUN: click(findTestObject("Object Repository/GeorgiaPowerPOC/Page_Online Application for Intelle/button_Continue"))

2019-01-22 12:40:32 - [TEST_STEP][NOT_RUN] - verifyElementPresent(findTestObject("Page_Online Application for Intelle/h2_Welcome                Test"), 0): NOT_RUN: verifyElementPresent(findTestObject("Page_Online Application for Intelle/h2_Welcome                Test"), 0)

2019-01-22 12:40:32 - [MESSAGE][NOT_RUN] - NOT_RUN: verifyElementPresent(findTestObject("Page_Online Application for Intelle/h2_Welcome                Test"), 0)

2019-01-22 12:40:32 - [TEST_STEP][NOT_RUN] - verifyElementPresent(findTestObject("Page_Online Application for Intelle/b_Test Tests"), 0): NOT_RUN: verifyElementPresent(findTestObject("Page_Online Application for Intelle/b_Test Tests"), 0)

2019-01-22 12:40:32 - [MESSAGE][NOT_RUN] - NOT_RUN: verifyElementPresent(findTestObject("Page_Online Application for Intelle/b_Test Tests"), 0)

2019-01-22 12:40:32 - [TEST_STEP][PASSED] - closeBrowser(): Browser is closed

2019-01-22 12:40:33 - [MESSAGE][PASSED] - Browser is closed]]></system-out>
         <system-err><![CDATA[]]></system-err>
      </testcase>
      <system-out><![CDATA[2019-01-22 12:39:56 - [TEST_SUITE][PASSED] - GeorgiaPowerPOC: Test Cases/CreateUser]]></system-out>
      <system-err><![CDATA[]]></system-err>
   </testsuite>
</testsuites>
